<?xml version="1.0" encoding="UTF-8" ?>
<testsuite tests="4" failures="0" name="cn.itcast.service.ProductServiceTest" time="0.004" errors="0" skipped="0">
  <properties>
    <property name="idea.version" value="2018.3.3"/>
    <property name="java.runtime.name" value="Java(TM) SE Runtime Environment"/>
    <property name="sun.boot.library.path" value="F:\develop\jdk\jre\bin"/>
    <property name="java.vm.version" value="25.112-b15"/>
    <property name="java.vm.vendor" value="Oracle Corporation"/>
    <property name="maven.multiModuleProjectDirectory" value="F:\workSpace\msf_work\msf_0510_spring\day1403_web"/>
    <property name="java.vendor.url" value="http://java.oracle.com/"/>
    <property name="path.separator" value=";"/>
    <property name="guice.disable.misplaced.annotation.check" value="true"/>
    <property name="java.vm.name" value="Java HotSpot(TM) 64-Bit Server VM"/>
    <property name="file.encoding.pkg" value="sun.io"/>
    <property name="user.script" value=""/>
    <property name="user.country" value="CN"/>
    <property name="sun.java.launcher" value="SUN_STANDARD"/>
    <property name="sun.os.patch.level" value=""/>
    <property name="java.vm.specification.name" value="Java Virtual Machine Specification"/>
    <property name="user.dir" value="F:\workSpace\msf_work\msf_0510_spring\day1403_web"/>
    <property name="java.runtime.version" value="1.8.0_112-b15"/>
    <property name="java.awt.graphicsenv" value="sun.awt.Win32GraphicsEnvironment"/>
    <property name="java.endorsed.dirs" value="F:\develop\jdk\jre\lib\endorsed"/>
    <property name="os.arch" value="amd64"/>
    <property name="java.io.tmpdir" value="C:\Users\82647\AppData\Local\Temp\"/>
    <property name="line.separator" value="
"/>
    <property name="java.vm.specification.vendor" value="Oracle Corporation"/>
    <property name="user.variant" value=""/>
    <property name="os.name" value="Windows 10"/>
    <property name="classworlds.conf" value="F:\develop\idea\IntelliJ IDEA 2018.3.3\plugins\maven\lib\maven3\bin\m2.conf"/>
    <property name="sun.jnu.encoding" value="GBK"/>
    <property name="java.library.path" value="F:\develop\jdk\bin;C:\Windows\Sun\Java\bin;C:\Windows\system32;C:\Windows;F:\develop\jdk\bin;C:\ProgramData\Oracle\Java\javapath;C:\Windows\system32;C:\Windows;C:\Windows\System32\Wbem;C:\Windows\System32\WindowsPowerShell\v1.0\;C:\Program Files\NVIDIA Corporation\NVIDIA NvDLISR;C:\Program Files (x86)\NVIDIA Corporation\PhysX\Common;F:\develop\MySQL\MySQL Server 5.5\bin;F:\develop\MySQL Server 5.5\bin;."/>
    <property name="java.specification.name" value="Java Platform API Specification"/>
    <property name="java.class.version" value="52.0"/>
    <property name="sun.management.compiler" value="HotSpot 64-Bit Tiered Compilers"/>
    <property name="os.version" value="10.0"/>
    <property name="user.home" value="C:\Users\82647"/>
    <property name="user.timezone" value="Asia/Shanghai"/>
    <property name="java.awt.printerjob" value="sun.awt.windows.WPrinterJob"/>
    <property name="java.specification.version" value="1.8"/>
    <property name="file.encoding" value="UTF-8"/>
    <property name="user.name" value="82647"/>
    <property name="java.class.path" value="F:\develop\idea\IntelliJ IDEA 2018.3.3\plugins\maven\lib\maven3\boot\plexus-classworlds-2.5.2.jar;F:\develop\idea\IntelliJ IDEA 2018.3.3\lib\idea_rt.jar"/>
    <property name="java.vm.specification.version" value="1.8"/>
    <property name="sun.arch.data.model" value="64"/>
    <property name="java.home" value="F:\develop\jdk\jre"/>
    <property name="sun.java.command" value="org.codehaus.classworlds.Launcher -Didea.version=2018.3.3 tomcat7:run-war"/>
    <property name="java.specification.vendor" value="Oracle Corporation"/>
    <property name="user.language" value="zh"/>
    <property name="awt.toolkit" value="sun.awt.windows.WToolkit"/>
    <property name="java.vm.info" value="mixed mode"/>
    <property name="java.version" value="1.8.0_112"/>
    <property name="java.ext.dirs" value="F:\develop\jdk\jre\lib\ext;C:\Windows\Sun\Java\lib\ext"/>
    <property name="sun.boot.class.path" value="F:\develop\jdk\jre\lib\resources.jar;F:\develop\jdk\jre\lib\rt.jar;F:\develop\jdk\jre\lib\sunrsasign.jar;F:\develop\jdk\jre\lib\jsse.jar;F:\develop\jdk\jre\lib\jce.jar;F:\develop\jdk\jre\lib\charsets.jar;F:\develop\jdk\jre\lib\jfr.jar;F:\develop\jdk\jre\classes"/>
    <property name="java.vendor" value="Oracle Corporation"/>
    <property name="maven.home" value="F:\develop\idea\IntelliJ IDEA 2018.3.3\plugins\maven\lib\maven3"/>
    <property name="file.separator" value="\"/>
    <property name="java.vendor.url.bug" value="http://bugreport.sun.com/bugreport/"/>
    <property name="sun.cpu.endian" value="little"/>
    <property name="sun.io.unicode.encoding" value="UnicodeLittle"/>
    <property name="sun.desktop" value="windows"/>
    <property name="sun.cpu.isalist" value="amd64"/>
  </properties>
  <testcase classname="cn.itcast.service.ProductServiceTest" name="queryAll" time="0.004"/>
  <testcase classname="cn.itcast.service.ProductServiceTest" name="updateProduct" time="0"/>
  <testcase classname="cn.itcast.service.ProductServiceTest" name="insertProduct" time="0"/>
  <testcase classname="cn.itcast.service.ProductServiceTest" name="delById" time="0"/>
</testsuite>