<component name="libraryTable">
  <library name="junit-4.7">
    <CLASSES>
      <root url="jar://$PROJECT_DIR$/day19/lib/junit-4.7.jar!/" />
    </CLASSES>
    <JAVADOC />
    <SOURCES />
  </library>
</component>